<?xml version="1.0" encoding="UTF-8"?>
<!-- Generated by org.testng.reporters.JUnitReportReporter -->
<testsuite hostname="MIGHTYSURYA11" failures="0" tests="7" name="API_Testing.BeecepterAPI" time="10.504" errors="0" timestamp="2024-07-15T16:06:42 IST" skipped="0">
  <testcase classname="API_Testing.BeecepterAPI" name="loginSuccessfully" time="1.082"/>
  <testcase classname="API_Testing.BeecepterAPI" name="ListTransactions" time="1.086"/>
  <testcase classname="API_Testing.BeecepterAPI" name="CurrencyExchange" time="1.086"/>
  <testcase classname="API_Testing.BeecepterAPI" name="Transfer" time="1.074"/>
  <testcase classname="API_Testing.BeecepterAPI" name="RetrieveBalance" time="1.065"/>
  <testcase classname="API_Testing.BeecepterAPI" name="Calculation" time="4.035"/>
  <testcase classname="API_Testing.BeecepterAPI" name="RegisterSuccefuly" time="1.076"/>
</testsuite> <!-- API_Testing.BeecepterAPI -->
